<?xml version="1.0" encoding="UTF-8"?>
<testng-results ignored="0" total="1" passed="1" failed="0" skipped="0">
  <reporter-output>
  </reporter-output>
  <suite started-at="2023-02-09T19:03:35Z" name="Default suite" finished-at="2023-02-09T19:03:45Z" duration-ms="9451">
    <groups>
    </groups>
    <test started-at="2023-02-09T19:03:35Z" name="Default test" finished-at="2023-02-09T19:03:45Z" duration-ms="9451">
      <class name="Tests.HomePageTest">
        <test-method is-config="true" signature="setUp()[pri:0, instance:Tests.HomePageTest@63f259c3]" started-at="2023-02-09T19:03:35Z" name="setUp" finished-at="2023-02-09T19:03:40Z" duration-ms="4858" status="PASS">
          <reporter-output>
          </reporter-output>
        </test-method> <!-- setUp -->
        <test-method signature="logutButtonDisplayTest()[pri:0, instance:Tests.HomePageTest@63f259c3]" started-at="2023-02-09T19:03:40Z" name="logutButtonDisplayTest" finished-at="2023-02-09T19:03:44Z" duration-ms="4440" status="PASS">
          <reporter-output>
          </reporter-output>
        </test-method> <!-- logutButtonDisplayTest -->
        <test-method is-config="true" signature="cleanup()[pri:0, instance:Tests.HomePageTest@63f259c3]" started-at="2023-02-09T19:03:44Z" name="cleanup" finished-at="2023-02-09T19:03:45Z" duration-ms="127" status="PASS">
          <reporter-output>
          </reporter-output>
        </test-method> <!-- cleanup -->
      </class> <!-- Tests.HomePageTest -->
    </test> <!-- Default test -->
  </suite> <!-- Default suite -->
</testng-results>
